{"total": {"lines":{"total":86,"covered":79,"skipped":0,"pct":91.86},"statements":{"total":86,"covered":79,"skipped":0,"pct":91.86},"functions":{"total":22,"covered":21,"skipped":0,"pct":95.45},"branches":{"total":34,"covered":28,"skipped":0,"pct":82.35},"branchesTrue":{"total":0,"covered":0,"skipped":0,"pct":100}}
,"/home/runner/work/betterr/betterr/src/index.ts": {"lines":{"total":43,"covered":43,"skipped":0,"pct":100},"functions":{"total":4,"covered":4,"skipped":0,"pct":100},"statements":{"total":43,"covered":43,"skipped":0,"pct":100},"branches":{"total":11,"covered":11,"skipped":0,"pct":100}}
,"/home/runner/work/betterr/betterr/src/testing/utils.ts": {"lines":{"total":43,"covered":36,"skipped":0,"pct":83.72},"functions":{"total":18,"covered":17,"skipped":0,"pct":94.44},"statements":{"total":43,"covered":36,"skipped":0,"pct":83.72},"branches":{"total":23,"covered":17,"skipped":0,"pct":73.91}}
}
